2021-04-20 11:18:44.345  INFO 19636 --- [restartedMain] .b.SpringcloudBootAdminClientApplication : Starting SpringcloudBootAdminClientApplication using Java 1.8.0_161 on HY-002 with PID 19636 (D:\projects\person\springcloud\springcloud-boot-admin-client\target\classes started by HY-001 in D:\projects\person\springcloud)
2021-04-20 11:18:44.350  INFO 19636 --- [restartedMain] .b.SpringcloudBootAdminClientApplication : No active profile set, falling back to default profiles: default
2021-04-20 11:18:44.416  INFO 19636 --- [restartedMain] .e.DevToolsPropertyDefaultsPostProcessor : Devtools property defaults active! Set 'spring.devtools.add-properties' to 'false' to disable
2021-04-20 11:18:44.417  INFO 19636 --- [restartedMain] .e.DevToolsPropertyDefaultsPostProcessor : For additional web related logging consider setting the 'logging.level.web' property to 'DEBUG'
2021-04-20 11:18:45.523  INFO 19636 --- [restartedMain] o.s.cloud.context.scope.GenericScope     : BeanFactory id=265fb9bc-16b9-3f2f-a584-d918c74bced5
2021-04-20 11:18:45.996  INFO 19636 --- [restartedMain] o.s.b.w.embedded.tomcat.TomcatWebServer  : Tomcat initialized with port(s): 9102 (http)
2021-04-20 11:18:46.006  INFO 19636 --- [restartedMain] o.apache.catalina.core.StandardService   : Starting service [Tomcat]
2021-04-20 11:18:46.007  INFO 19636 --- [restartedMain] org.apache.catalina.core.StandardEngine  : Starting Servlet engine: [Apache Tomcat/9.0.44]
2021-04-20 11:18:46.131  INFO 19636 --- [restartedMain] o.a.c.c.C.[Tomcat].[localhost].[/]       : Initializing Spring embedded WebApplicationContext
2021-04-20 11:18:46.131  INFO 19636 --- [restartedMain] w.s.c.ServletWebServerApplicationContext : Root WebApplicationContext: initialization completed in 1713 ms
2021-04-20 11:18:46.485  INFO 19636 --- [restartedMain] o.s.s.concurrent.ThreadPoolTaskExecutor  : Initializing ExecutorService 'applicationTaskExecutor'
2021-04-20 11:18:48.734  WARN 19636 --- [restartedMain] o.s.b.d.a.OptionalLiveReloadServer       : Unable to start LiveReload server
2021-04-20 11:18:51.116  INFO 19636 --- [restartedMain] DiscoveryClientOptionalArgsConfiguration : Eureka HTTP Client uses RestTemplate.
2021-04-20 11:18:51.178  WARN 19636 --- [restartedMain] iguration$LoadBalancerCaffeineWarnLogger : Spring Cloud LoadBalancer is currently working with the default cache. You can switch to using Caffeine cache, by adding it and org.springframework.cache.caffeine.CaffeineCacheManager to the classpath.
2021-04-20 11:18:51.184  INFO 19636 --- [restartedMain] o.s.b.a.e.web.EndpointLinksResolver      : Exposing 17 endpoint(s) beneath base path '/actuator'
2021-04-20 11:18:51.282  INFO 19636 --- [restartedMain] o.s.c.n.eureka.InstanceInfoFactory       : Setting initial instance status as: STARTING
2021-04-20 11:18:51.332  INFO 19636 --- [restartedMain] com.netflix.discovery.DiscoveryClient    : Initializing Eureka in region us-east-1
2021-04-20 11:18:51.339  INFO 19636 --- [restartedMain] c.n.d.s.r.aws.ConfigClusterResolver      : Resolving eureka endpoints via configuration
2021-04-20 11:18:52.493  INFO 19636 --- [restartedMain] com.netflix.discovery.DiscoveryClient    : Disable delta property : false
2021-04-20 11:18:52.494  INFO 19636 --- [restartedMain] com.netflix.discovery.DiscoveryClient    : Single vip registry refresh property : null
2021-04-20 11:18:52.494  INFO 19636 --- [restartedMain] com.netflix.discovery.DiscoveryClient    : Force full registry fetch : false
2021-04-20 11:18:52.494  INFO 19636 --- [restartedMain] com.netflix.discovery.DiscoveryClient    : Application is null : false
2021-04-20 11:18:52.494  INFO 19636 --- [restartedMain] com.netflix.discovery.DiscoveryClient    : Registered Applications size is zero : true
2021-04-20 11:18:52.495  INFO 19636 --- [restartedMain] com.netflix.discovery.DiscoveryClient    : Application version is -1: true
2021-04-20 11:18:52.495  INFO 19636 --- [restartedMain] com.netflix.discovery.DiscoveryClient    : Getting all instance registry info from the eureka server
2021-04-20 11:18:53.962  INFO 19636 --- [restartedMain] com.netflix.discovery.DiscoveryClient    : The response status is 200
2021-04-20 11:18:53.965  INFO 19636 --- [restartedMain] com.netflix.discovery.DiscoveryClient    : Starting heartbeat executor: renew interval is: 30
2021-04-20 11:18:53.968  INFO 19636 --- [restartedMain] c.n.discovery.InstanceInfoReplicator     : InstanceInfoReplicator onDemand update allowed rate per min is 4
2021-04-20 11:18:53.972  INFO 19636 --- [restartedMain] com.netflix.discovery.DiscoveryClient    : Discovery Client initialized at timestamp 1618888733971 with initial instances count: 3
2021-04-20 11:18:53.973  INFO 19636 --- [restartedMain] o.s.c.n.e.s.EurekaServiceRegistry        : Registering application BOOTADMIN-CLIENT with eureka with status UP
2021-04-20 11:18:53.974  INFO 19636 --- [restartedMain] com.netflix.discovery.DiscoveryClient    : Saw local status change event StatusChangeEvent [timestamp=1618888733974, current=UP, previous=STARTING]
2021-04-20 11:18:53.976  INFO 19636 --- [DiscoveryClient-InstanceInfoReplicator-0] com.netflix.discovery.DiscoveryClient    : DiscoveryClient_BOOTADMIN-CLIENT/192.168.75.1:bootadmin-client:9102: registering service...
2021-04-20 11:18:54.007  INFO 19636 --- [restartedMain] o.s.b.w.embedded.tomcat.TomcatWebServer  : Tomcat started on port(s): 9102 (http) with context path ''
2021-04-20 11:18:54.008  INFO 19636 --- [restartedMain] .s.c.n.e.s.EurekaAutoServiceRegistration : Updating port to 9102
2021-04-20 11:18:54.051  INFO 19636 --- [DiscoveryClient-InstanceInfoReplicator-0] com.netflix.discovery.DiscoveryClient    : DiscoveryClient_BOOTADMIN-CLIENT/192.168.75.1:bootadmin-client:9102 - registration status: 204
2021-04-20 11:18:56.072  INFO 19636 --- [restartedMain] .b.SpringcloudBootAdminClientApplication : Started SpringcloudBootAdminClientApplication in 14.375 seconds (JVM running for 16.76)
2021-04-20 11:18:57.199  INFO 19636 --- [RMI TCP Connection(4)-192.168.10.35] o.a.c.c.C.[Tomcat].[localhost].[/]       : Initializing Spring DispatcherServlet 'dispatcherServlet'
2021-04-20 11:18:57.200  INFO 19636 --- [RMI TCP Connection(4)-192.168.10.35] o.s.web.servlet.DispatcherServlet        : Initializing Servlet 'dispatcherServlet'
2021-04-20 11:18:57.202  INFO 19636 --- [RMI TCP Connection(4)-192.168.10.35] o.s.web.servlet.DispatcherServlet        : Completed initialization in 2 ms
2021-04-20 11:20:08.947  INFO 19636 --- [SpringContextShutdownHook] o.s.c.n.e.s.EurekaServiceRegistry        : Unregistering application BOOTADMIN-CLIENT with eureka with status DOWN
2021-04-20 11:20:08.947  INFO 19636 --- [SpringContextShutdownHook] com.netflix.discovery.DiscoveryClient    : Saw local status change event StatusChangeEvent [timestamp=1618888808947, current=DOWN, previous=UP]
2021-04-20 11:20:08.948  INFO 19636 --- [DiscoveryClient-InstanceInfoReplicator-0] com.netflix.discovery.DiscoveryClient    : DiscoveryClient_BOOTADMIN-CLIENT/192.168.75.1:bootadmin-client:9102: registering service...
2021-04-20 11:20:08.953  INFO 19636 --- [DiscoveryClient-InstanceInfoReplicator-0] com.netflix.discovery.DiscoveryClient    : DiscoveryClient_BOOTADMIN-CLIENT/192.168.75.1:bootadmin-client:9102 - registration status: 204
2021-04-20 11:20:10.234  INFO 19636 --- [SpringContextShutdownHook] o.s.s.concurrent.ThreadPoolTaskExecutor  : Shutting down ExecutorService 'applicationTaskExecutor'
2021-04-20 11:20:10.236  INFO 19636 --- [SpringContextShutdownHook] com.netflix.discovery.DiscoveryClient    : Shutting down DiscoveryClient ...
2021-04-20 11:20:13.240  INFO 19636 --- [SpringContextShutdownHook] com.netflix.discovery.DiscoveryClient    : Unregistering ...
2021-04-20 11:20:13.246  INFO 19636 --- [SpringContextShutdownHook] com.netflix.discovery.DiscoveryClient    : DiscoveryClient_BOOTADMIN-CLIENT/192.168.75.1:bootadmin-client:9102 - deregister  status: 200
2021-04-20 11:20:13.251  INFO 19636 --- [SpringContextShutdownHook] com.netflix.discovery.DiscoveryClient    : Completed shut down of DiscoveryClient
